<?xml version="1.0" encoding="UTF-8"?>
<testng-results skipped="0" failed="0" ignored="0" total="4" passed="4">
  <reporter-output>
  </reporter-output>
  <suite name="Default suite" duration-ms="202448" started-at="2023-03-16T12:34:53 IST" finished-at="2023-03-16T12:38:15 IST">
    <groups>
      <group name="cucumber">
        <method signature="AbstractTestNGCucumberTests.runScenario(io.cucumber.testng.PickleWrapper,io.cucumber.testng.FeatureWrapper)[pri:0, instance:runners.MiniCaseStudyRunner@1f021e6c]" name="runScenario" class="io.cucumber.testng.AbstractTestNGCucumberTests"/>
      </group> <!-- cucumber -->
    </groups>
    <test name="Default test" duration-ms="202448" started-at="2023-03-16T12:34:53 IST" finished-at="2023-03-16T12:38:15 IST">
      <class name="runners.MiniCaseStudyRunner">
        <test-method status="PASS" signature="setUpClass(org.testng.ITestContext)[pri:0, instance:runners.MiniCaseStudyRunner@1f021e6c]" name="setUpClass" is-config="true" duration-ms="15191" started-at="2023-03-16T12:34:53 IST" finished-at="2023-03-16T12:35:08 IST">
          <params>
            <param index="0">
              <value>
                <![CDATA[org.testng.TestRunner@2cc75074]]>
              </value>
            </param>
          </params>
          <reporter-output>
          </reporter-output>
        </test-method> <!-- setUpClass -->
        <test-method status="PASS" signature="runScenario(io.cucumber.testng.PickleWrapper,io.cucumber.testng.FeatureWrapper)[pri:0, instance:runners.MiniCaseStudyRunner@1f021e6c]" name="runScenario" duration-ms="131751" started-at="2023-03-16T12:35:08 IST" description="Runs Cucumber Scenarios" data-provider="scenarios" finished-at="2023-03-16T12:37:20 IST">
          <params>
            <param index="0">
              <value>
                <![CDATA["Login into App"]]>
              </value>
            </param>
            <param index="1">
              <value>
                <![CDATA["MiniCaseStudy"]]>
              </value>
            </param>
          </params>
          <reporter-output>
          </reporter-output>
        </test-method> <!-- runScenario -->
        <test-method status="PASS" signature="runScenario(io.cucumber.testng.PickleWrapper,io.cucumber.testng.FeatureWrapper)[pri:0, instance:runners.MiniCaseStudyRunner@1f021e6c]" name="runScenario" duration-ms="38726" started-at="2023-03-16T12:37:20 IST" description="Runs Cucumber Scenarios" data-provider="scenarios" finished-at="2023-03-16T12:37:59 IST">
          <params>
            <param index="0">
              <value>
                <![CDATA["Add items to cart"]]>
              </value>
            </param>
            <param index="1">
              <value>
                <![CDATA["MiniCaseStudy"]]>
              </value>
            </param>
          </params>
          <reporter-output>
          </reporter-output>
        </test-method> <!-- runScenario -->
        <test-method status="PASS" signature="runScenario(io.cucumber.testng.PickleWrapper,io.cucumber.testng.FeatureWrapper)[pri:0, instance:runners.MiniCaseStudyRunner@1f021e6c]" name="runScenario" duration-ms="1780" started-at="2023-03-16T12:37:59 IST" description="Runs Cucumber Scenarios" data-provider="scenarios" finished-at="2023-03-16T12:38:01 IST">
          <params>
            <param index="0">
              <value>
                <![CDATA["Delete an Item"]]>
              </value>
            </param>
            <param index="1">
              <value>
                <![CDATA["MiniCaseStudy"]]>
              </value>
            </param>
          </params>
          <reporter-output>
          </reporter-output>
        </test-method> <!-- runScenario -->
        <test-method status="PASS" signature="runScenario(io.cucumber.testng.PickleWrapper,io.cucumber.testng.FeatureWrapper)[pri:0, instance:runners.MiniCaseStudyRunner@1f021e6c]" name="runScenario" duration-ms="9738" started-at="2023-03-16T12:38:01 IST" description="Runs Cucumber Scenarios" data-provider="scenarios" finished-at="2023-03-16T12:38:10 IST">
          <params>
            <param index="0">
              <value>
                <![CDATA["Place Order"]]>
              </value>
            </param>
            <param index="1">
              <value>
                <![CDATA["MiniCaseStudy"]]>
              </value>
            </param>
          </params>
          <reporter-output>
          </reporter-output>
        </test-method> <!-- runScenario -->
        <test-method status="PASS" signature="tearDownClass()[pri:0, instance:runners.MiniCaseStudyRunner@1f021e6c]" name="tearDownClass" is-config="true" duration-ms="4847" started-at="2023-03-16T12:38:10 IST" finished-at="2023-03-16T12:38:15 IST">
          <reporter-output>
          </reporter-output>
        </test-method> <!-- tearDownClass -->
      </class> <!-- runners.MiniCaseStudyRunner -->
    </test> <!-- Default test -->
  </suite> <!-- Default suite -->
</testng-results>
