<?xml version="1.0" encoding="UTF-8"?>
<!-- Generated by org.testng.reporters.JUnitReportReporter -->
<testsuite skipped="0" hostname="DESKTOP-F7U0S8P" name="runners.PlaceOrderRunner" tests="1" failures="0" timestamp="2023-03-14T23:59:15 IST" time="51.358" errors="1">
  <testcase name="runScenario" time="51.358" classname="runners.PlaceOrderRunner">
    <error type="java.lang.ClassCastException" message="org.openqa.selenium.By$ById cannot be cast to org.openqa.selenium.WebElement">
      <![CDATA[java.lang.ClassCastException: org.openqa.selenium.By$ById cannot be cast to org.openqa.selenium.WebElement
at stepDefs.PurchaseItem.login_into_app(PurchaseItem.java:48)
at ✽.Login into App(file:///E:/SDET%20Training%20WS/CaseStudyCucumber/src/test/resources/features/PurchaseItem.feature:4)
]]>
    </error>
  </testcase> <!-- runScenario -->
  <system-out/>
</testsuite> <!-- runners.PlaceOrderRunner -->
